Analysis & Synthesis report for GuessGame
Wed Dec 03 18:39:43 2014
Quartus II 64-Bit Version 13.0.1 Build 232 06/12/2013 Service Pack 1 SJ Web Edition


---------------------
; Table of Contents ;
---------------------
  1. Legal Notice
  2. Analysis & Synthesis Summary
  3. Analysis & Synthesis Settings
  4. Parallel Compilation
  5. Analysis & Synthesis Source Files Read
  6. Analysis & Synthesis Resource Usage Summary
  7. Analysis & Synthesis Resource Utilization by Entity
  8. State Machine - |GuessGame|y
  9. Registers Removed During Synthesis
 10. General Register Statistics
 11. Inverted Register Statistics
 12. Multiplexer Restructuring Statistics (Restructuring Performed)
 13. Parameter Settings for User Entity Instance: Top-level Entity: |GuessGame
 14. Parameter Settings for User Entity Instance: seg7:digit1
 15. Parameter Settings for User Entity Instance: seg7:digit2
 16. Parameter Settings for User Entity Instance: seg7:digit3
 17. Parameter Settings for User Entity Instance: seg7:digit4
 18. Elapsed Time Per Partition
 19. Analysis & Synthesis Messages
 20. Analysis & Synthesis Suppressed Messages



----------------
; Legal Notice ;
----------------
Copyright (C) 1991-2013 Altera Corporation
Your use of Altera Corporation's design tools, logic functions 
and other software and tools, and its AMPP partner logic 
functions, and any output files from any of the foregoing 
(including device programming or simulation files), and any 
associated documentation or information are expressly subject 
to the terms and conditions of the Altera Program License 
Subscription Agreement, Altera MegaCore Function License 
Agreement, or other applicable license agreement, including, 
without limitation, that your use is for the sole purpose of 
programming logic devices manufactured by Altera and sold by 
Altera or its authorized distributors.  Please refer to the 
applicable agreement for further details.



+--------------------------------------------------------------------------------------+
; Analysis & Synthesis Summary                                                         ;
+------------------------------------+-------------------------------------------------+
; Analysis & Synthesis Status        ; Successful - Wed Dec 03 18:39:43 2014           ;
; Quartus II 64-Bit Version          ; 13.0.1 Build 232 06/12/2013 SP 1 SJ Web Edition ;
; Revision Name                      ; GuessGame                                       ;
; Top-level Entity Name              ; GuessGame                                       ;
; Family                             ; Cyclone III                                     ;
; Total logic elements               ; 191                                             ;
;     Total combinational functions  ; 186                                             ;
;     Dedicated logic registers      ; 61                                              ;
; Total registers                    ; 61                                              ;
; Total pins                         ; 32                                              ;
; Total virtual pins                 ; 0                                               ;
; Total memory bits                  ; 0                                               ;
; Embedded Multiplier 9-bit elements ; 0                                               ;
; Total PLLs                         ; 0                                               ;
+------------------------------------+-------------------------------------------------+


+----------------------------------------------------------------------------------------------------------------------+
; Analysis & Synthesis Settings                                                                                        ;
+----------------------------------------------------------------------------+--------------------+--------------------+
; Option                                                                     ; Setting            ; Default Value      ;
+----------------------------------------------------------------------------+--------------------+--------------------+
; Device                                                                     ; EP3C16F484C6       ;                    ;
; Top-level entity name                                                      ; GuessGame          ; GuessGame          ;
; Family name                                                                ; Cyclone III        ; Cyclone IV GX      ;
; Use smart compilation                                                      ; Off                ; Off                ;
; Enable parallel Assembler and TimeQuest Timing Analyzer during compilation ; On                 ; On                 ;
; Enable compact report table                                                ; Off                ; Off                ;
; Restructure Multiplexers                                                   ; Auto               ; Auto               ;
; Create Debugging Nodes for IP Cores                                        ; Off                ; Off                ;
; Preserve fewer node names                                                  ; On                 ; On                 ;
; Disable OpenCore Plus hardware evaluation                                  ; Off                ; Off                ;
; Verilog Version                                                            ; Verilog_2001       ; Verilog_2001       ;
; VHDL Version                                                               ; VHDL_1993          ; VHDL_1993          ;
; State Machine Processing                                                   ; Auto               ; Auto               ;
; Safe State Machine                                                         ; Off                ; Off                ;
; Extract Verilog State Machines                                             ; On                 ; On                 ;
; Extract VHDL State Machines                                                ; On                 ; On                 ;
; Ignore Verilog initial constructs                                          ; Off                ; Off                ;
; Iteration limit for constant Verilog loops                                 ; 5000               ; 5000               ;
; Iteration limit for non-constant Verilog loops                             ; 250                ; 250                ;
; Add Pass-Through Logic to Inferred RAMs                                    ; On                 ; On                 ;
; Infer RAMs from Raw Logic                                                  ; On                 ; On                 ;
; Parallel Synthesis                                                         ; On                 ; On                 ;
; DSP Block Balancing                                                        ; Auto               ; Auto               ;
; NOT Gate Push-Back                                                         ; On                 ; On                 ;
; Power-Up Don't Care                                                        ; On                 ; On                 ;
; Remove Redundant Logic Cells                                               ; Off                ; Off                ;
; Remove Duplicate Registers                                                 ; On                 ; On                 ;
; Ignore CARRY Buffers                                                       ; Off                ; Off                ;
; Ignore CASCADE Buffers                                                     ; Off                ; Off                ;
; Ignore GLOBAL Buffers                                                      ; Off                ; Off                ;
; Ignore ROW GLOBAL Buffers                                                  ; Off                ; Off                ;
; Ignore LCELL Buffers                                                       ; Off                ; Off                ;
; Ignore SOFT Buffers                                                        ; On                 ; On                 ;
; Limit AHDL Integers to 32 Bits                                             ; Off                ; Off                ;
; Optimization Technique                                                     ; Balanced           ; Balanced           ;
; Carry Chain Length                                                         ; 70                 ; 70                 ;
; Auto Carry Chains                                                          ; On                 ; On                 ;
; Auto Open-Drain Pins                                                       ; On                 ; On                 ;
; Perform WYSIWYG Primitive Resynthesis                                      ; Off                ; Off                ;
; Auto ROM Replacement                                                       ; On                 ; On                 ;
; Auto RAM Replacement                                                       ; On                 ; On                 ;
; Auto DSP Block Replacement                                                 ; On                 ; On                 ;
; Auto Shift Register Replacement                                            ; Auto               ; Auto               ;
; Allow Shift Register Merging across Hierarchies                            ; Auto               ; Auto               ;
; Auto Clock Enable Replacement                                              ; On                 ; On                 ;
; Strict RAM Replacement                                                     ; Off                ; Off                ;
; Allow Synchronous Control Signals                                          ; On                 ; On                 ;
; Force Use of Synchronous Clear Signals                                     ; Off                ; Off                ;
; Auto RAM Block Balancing                                                   ; On                 ; On                 ;
; Auto RAM to Logic Cell Conversion                                          ; Off                ; Off                ;
; Auto Resource Sharing                                                      ; Off                ; Off                ;
; Allow Any RAM Size For Recognition                                         ; Off                ; Off                ;
; Allow Any ROM Size For Recognition                                         ; Off                ; Off                ;
; Allow Any Shift Register Size For Recognition                              ; Off                ; Off                ;
; Use LogicLock Constraints during Resource Balancing                        ; On                 ; On                 ;
; Ignore translate_off and synthesis_off directives                          ; Off                ; Off                ;
; Timing-Driven Synthesis                                                    ; On                 ; On                 ;
; Report Parameter Settings                                                  ; On                 ; On                 ;
; Report Source Assignments                                                  ; On                 ; On                 ;
; Report Connectivity Checks                                                 ; On                 ; On                 ;
; Ignore Maximum Fan-Out Assignments                                         ; Off                ; Off                ;
; Synchronization Register Chain Length                                      ; 2                  ; 2                  ;
; PowerPlay Power Optimization                                               ; Normal compilation ; Normal compilation ;
; HDL message level                                                          ; Level2             ; Level2             ;
; Suppress Register Optimization Related Messages                            ; Off                ; Off                ;
; Number of Removed Registers Reported in Synthesis Report                   ; 5000               ; 5000               ;
; Number of Swept Nodes Reported in Synthesis Report                         ; 5000               ; 5000               ;
; Number of Inverted Registers Reported in Synthesis Report                  ; 100                ; 100                ;
; Clock MUX Protection                                                       ; On                 ; On                 ;
; Auto Gated Clock Conversion                                                ; Off                ; Off                ;
; Block Design Naming                                                        ; Auto               ; Auto               ;
; SDC constraint protection                                                  ; Off                ; Off                ;
; Synthesis Effort                                                           ; Auto               ; Auto               ;
; Shift Register Replacement - Allow Asynchronous Clear Signal               ; On                 ; On                 ;
; Pre-Mapping Resynthesis Optimization                                       ; Off                ; Off                ;
; Analysis & Synthesis Message Level                                         ; Medium             ; Medium             ;
; Disable Register Merging Across Hierarchies                                ; Auto               ; Auto               ;
; Resource Aware Inference For Block RAM                                     ; On                 ; On                 ;
; Synthesis Seed                                                             ; 1                  ; 1                  ;
+----------------------------------------------------------------------------+--------------------+--------------------+


Parallel compilation was disabled, but you have multiple processors available. Enable parallel compilation to reduce compilation time.
+-------------------------------------+
; Parallel Compilation                ;
+----------------------------+--------+
; Processors                 ; Number ;
+----------------------------+--------+
; Number detected on machine ; 8      ;
; Maximum allowed            ; 1      ;
+----------------------------+--------+


+-----------------------------------------------------------------------------------------------------------------------------------------+
; Analysis & Synthesis Source Files Read                                                                                                  ;
+----------------------------------+-----------------+------------------------+-------------------------------------------------+---------+
; File Name with User-Entered Path ; Used in Netlist ; File Type              ; File Name with Absolute Path                    ; Library ;
+----------------------------------+-----------------+------------------------+-------------------------------------------------+---------+
; GuessGame.v                      ; yes             ; User Verilog HDL File  ; C:/altera/13.0sp1/ModuleFourProject/GuessGame.v ;         ;
+----------------------------------+-----------------+------------------------+-------------------------------------------------+---------+


+-----------------------------------------------------------+
; Analysis & Synthesis Resource Usage Summary               ;
+---------------------------------------------+-------------+
; Resource                                    ; Usage       ;
+---------------------------------------------+-------------+
; Estimated Total logic elements              ; 191         ;
;                                             ;             ;
; Total combinational functions               ; 186         ;
; Logic element usage by number of LUT inputs ;             ;
;     -- 4 input functions                    ; 135         ;
;     -- 3 input functions                    ; 33          ;
;     -- <=2 input functions                  ; 18          ;
;                                             ;             ;
; Logic elements by mode                      ;             ;
;     -- normal mode                          ; 186         ;
;     -- arithmetic mode                      ; 0           ;
;                                             ;             ;
; Total registers                             ; 61          ;
;     -- Dedicated logic registers            ; 61          ;
;     -- I/O registers                        ; 0           ;
;                                             ;             ;
; I/O pins                                    ; 32          ;
; Embedded Multiplier 9-bit elements          ; 0           ;
; Maximum fan-out node                        ; Ready~input ;
; Maximum fan-out                             ; 32          ;
; Total fan-out                               ; 926         ;
; Average fan-out                             ; 2.98        ;
+---------------------------------------------+-------------+


+------------------------------------------------------------------------------------------------------------------------------------------------------------------------------------+
; Analysis & Synthesis Resource Utilization by Entity                                                                                                                                ;
+----------------------------+-------------------+--------------+-------------+--------------+---------+-----------+------+--------------+----------------------------+--------------+
; Compilation Hierarchy Node ; LC Combinationals ; LC Registers ; Memory Bits ; DSP Elements ; DSP 9x9 ; DSP 18x18 ; Pins ; Virtual Pins ; Full Hierarchy Name        ; Library Name ;
+----------------------------+-------------------+--------------+-------------+--------------+---------+-----------+------+--------------+----------------------------+--------------+
; |GuessGame                 ; 186 (66)          ; 61 (32)      ; 0           ; 0            ; 0       ; 0         ; 32   ; 0            ; |GuessGame                 ; work         ;
;    |BCDcount:random|       ; 24 (24)           ; 13 (13)      ; 0           ; 0            ; 0       ; 0         ; 0    ; 0            ; |GuessGame|BCDcount:random ; work         ;
;    |guessSet:guess1|       ; 4 (4)             ; 4 (4)        ; 0           ; 0            ; 0       ; 0         ; 0    ; 0            ; |GuessGame|guessSet:guess1 ; work         ;
;    |guessSet:guess2|       ; 4 (4)             ; 4 (4)        ; 0           ; 0            ; 0       ; 0         ; 0    ; 0            ; |GuessGame|guessSet:guess2 ; work         ;
;    |guessSet:guess3|       ; 4 (4)             ; 4 (4)        ; 0           ; 0            ; 0       ; 0         ; 0    ; 0            ; |GuessGame|guessSet:guess3 ; work         ;
;    |guessSet:guess4|       ; 4 (4)             ; 4 (4)        ; 0           ; 0            ; 0       ; 0         ; 0    ; 0            ; |GuessGame|guessSet:guess4 ; work         ;
;    |seg7:digit1|           ; 14 (14)           ; 0 (0)        ; 0           ; 0            ; 0       ; 0         ; 0    ; 0            ; |GuessGame|seg7:digit1     ; work         ;
;    |seg7:digit2|           ; 22 (22)           ; 0 (0)        ; 0           ; 0            ; 0       ; 0         ; 0    ; 0            ; |GuessGame|seg7:digit2     ; work         ;
;    |seg7:digit3|           ; 22 (22)           ; 0 (0)        ; 0           ; 0            ; 0       ; 0         ; 0    ; 0            ; |GuessGame|seg7:digit3     ; work         ;
;    |seg7:digit4|           ; 22 (22)           ; 0 (0)        ; 0           ; 0            ; 0       ; 0         ; 0    ; 0            ; |GuessGame|seg7:digit4     ; work         ;
+----------------------------+-------------------+--------------+-------------+--------------+---------+-----------+------+--------------+----------------------------+--------------+
Note: For table entries with two numbers listed, the numbers in parentheses indicate the number of resources of the given type used by the specific entity alone. The numbers listed outside of parentheses indicate the total resources of the given type used by the specific entity and all of its sub-entities in the hierarchy.


Encoding Type:  One-Hot
+---------------------------------------------------------------------------------------+
; State Machine - |GuessGame|y                                                          ;
+--------+--------+-------+-------+--------+-------+------+------+------+------+--------+
; Name   ; y.lose ; y.win ; y.sub ; y.less ; y.cmp ; y.g4 ; y.g3 ; y.g2 ; y.g1 ; y.init ;
+--------+--------+-------+-------+--------+-------+------+------+------+------+--------+
; y.init ; 0      ; 0     ; 0     ; 0      ; 0     ; 0    ; 0    ; 0    ; 0    ; 0      ;
; y.g1   ; 0      ; 0     ; 0     ; 0      ; 0     ; 0    ; 0    ; 0    ; 1    ; 1      ;
; y.g2   ; 0      ; 0     ; 0     ; 0      ; 0     ; 0    ; 0    ; 1    ; 0    ; 1      ;
; y.g3   ; 0      ; 0     ; 0     ; 0      ; 0     ; 0    ; 1    ; 0    ; 0    ; 1      ;
; y.g4   ; 0      ; 0     ; 0     ; 0      ; 0     ; 1    ; 0    ; 0    ; 0    ; 1      ;
; y.cmp  ; 0      ; 0     ; 0     ; 0      ; 1     ; 0    ; 0    ; 0    ; 0    ; 1      ;
; y.less ; 0      ; 0     ; 0     ; 1      ; 0     ; 0    ; 0    ; 0    ; 0    ; 1      ;
; y.sub  ; 0      ; 0     ; 1     ; 0      ; 0     ; 0    ; 0    ; 0    ; 0    ; 1      ;
; y.win  ; 0      ; 1     ; 0     ; 0      ; 0     ; 0    ; 0    ; 0    ; 0    ; 1      ;
; y.lose ; 1      ; 0     ; 0     ; 0      ; 0     ; 0    ; 0    ; 0    ; 0    ; 1      ;
+--------+--------+-------+-------+--------+-------+------+------+------+------+--------+


+---------------------------------------------------------------------------------+
; Registers Removed During Synthesis                                              ;
+----------------------------------------+----------------------------------------+
; Register name                          ; Reason for Removal                     ;
+----------------------------------------+----------------------------------------+
; dig1En[3]                              ; Stuck at GND due to stuck port data_in ;
; dig4En[3]                              ; Merged with dig1En[0]                  ;
; dig3En[2]                              ; Merged with dig2En[3]                  ;
; dig4En[2]                              ; Merged with dig2En[0]                  ;
; BCDcount:random|BCD3[2,3]              ; Merged with BCDcount:random|BCD3[1]    ;
; BCDcount:random|BCD3[1]                ; Stuck at GND due to stuck port data_in ;
; y~4                                    ; Lost fanout                            ;
; y~5                                    ; Lost fanout                            ;
; y~6                                    ; Lost fanout                            ;
; y~7                                    ; Lost fanout                            ;
; Total Number of Removed Registers = 11 ;                                        ;
+----------------------------------------+----------------------------------------+


+------------------------------------------------------+
; General Register Statistics                          ;
+----------------------------------------------+-------+
; Statistic                                    ; Value ;
+----------------------------------------------+-------+
; Total registers                              ; 61    ;
; Number of registers using Synchronous Clear  ; 0     ;
; Number of registers using Synchronous Load   ; 0     ;
; Number of registers using Asynchronous Clear ; 28    ;
; Number of registers using Asynchronous Load  ; 0     ;
; Number of registers using Clock Enable       ; 45    ;
; Number of registers using Preset             ; 0     ;
+----------------------------------------------+-------+


+--------------------------------------------------+
; Inverted Register Statistics                     ;
+----------------------------------------+---------+
; Inverted Register                      ; Fan out ;
+----------------------------------------+---------+
; Ren                                    ; 8       ;
; Total number of inverted registers = 1 ;         ;
+----------------------------------------+---------+


+--------------------------------------------------------------------------------------------------------------------------------------------------+
; Multiplexer Restructuring Statistics (Restructuring Performed)                                                                                   ;
+--------------------+-----------+---------------+----------------------+------------------------+------------+------------------------------------+
; Multiplexer Inputs ; Bus Width ; Baseline Area ; Area if Restructured ; Saving if Restructured ; Registered ; Example Multiplexer Output         ;
+--------------------+-----------+---------------+----------------------+------------------------+------------+------------------------------------+
; 3:1                ; 4 bits    ; 8 LEs         ; 4 LEs                ; 4 LEs                  ; Yes        ; |GuessGame|BCDcount:random|BCD0[0] ;
; 4:1                ; 4 bits    ; 8 LEs         ; 4 LEs                ; 4 LEs                  ; Yes        ; |GuessGame|BCDcount:random|BCD1[1] ;
; 5:1                ; 4 bits    ; 12 LEs        ; 4 LEs                ; 8 LEs                  ; Yes        ; |GuessGame|BCDcount:random|BCD2[2] ;
; 4:1                ; 2 bits    ; 4 LEs         ; 4 LEs                ; 0 LEs                  ; No         ; |GuessGame|dig2En                  ;
+--------------------+-----------+---------------+----------------------+------------------------+------------+------------------------------------+


+---------------------------------------------------------------------------+
; Parameter Settings for User Entity Instance: Top-level Entity: |GuessGame ;
+----------------+-------+--------------------------------------------------+
; Parameter Name ; Value ; Type                                             ;
+----------------+-------+--------------------------------------------------+
; init           ; 0001  ; Unsigned Binary                                  ;
; g1             ; 0010  ; Unsigned Binary                                  ;
; g2             ; 0011  ; Unsigned Binary                                  ;
; g3             ; 0100  ; Unsigned Binary                                  ;
; g4             ; 0101  ; Unsigned Binary                                  ;
; cmp            ; 0110  ; Unsigned Binary                                  ;
; less           ; 0111  ; Unsigned Binary                                  ;
; sub            ; 1000  ; Unsigned Binary                                  ;
; win            ; 1001  ; Unsigned Binary                                  ;
; lose           ; 1010  ; Unsigned Binary                                  ;
; num            ; 0000  ; Unsigned Binary                                  ;
; i              ; 0001  ; Unsigned Binary                                  ;
; H              ; 0010  ; Unsigned Binary                                  ;
; o              ; 0011  ; Unsigned Binary                                  ;
; L              ; 0100  ; Unsigned Binary                                  ;
; s              ; 0101  ; Unsigned Binary                                  ;
; e              ; 0110  ; Unsigned Binary                                  ;
; Ydisp          ; 0111  ; Unsigned Binary                                  ;
; A              ; 1000  ; Unsigned Binary                                  ;
; P              ; 1001  ; Unsigned Binary                                  ;
; Empty          ; 1010  ; Unsigned Binary                                  ;
+----------------+-------+--------------------------------------------------+
Note: In order to hide this table in the UI and the text report file, please set the "Show Parameter Settings in Synthesis Report" option in "Analysis and Synthesis Settings -> More Settings" to "Off".


+----------------------------------------------------------+
; Parameter Settings for User Entity Instance: seg7:digit1 ;
+----------------+-------+---------------------------------+
; Parameter Name ; Value ; Type                            ;
+----------------+-------+---------------------------------+
; num            ; 0000  ; Unsigned Binary                 ;
; i              ; 0001  ; Unsigned Binary                 ;
; H              ; 0010  ; Unsigned Binary                 ;
; o              ; 0011  ; Unsigned Binary                 ;
; L              ; 0100  ; Unsigned Binary                 ;
; s              ; 0101  ; Unsigned Binary                 ;
; e              ; 0110  ; Unsigned Binary                 ;
; Y              ; 0111  ; Unsigned Binary                 ;
; A              ; 1000  ; Unsigned Binary                 ;
; P              ; 1001  ; Unsigned Binary                 ;
+----------------+-------+---------------------------------+
Note: In order to hide this table in the UI and the text report file, please set the "Show Parameter Settings in Synthesis Report" option in "Analysis and Synthesis Settings -> More Settings" to "Off".


+----------------------------------------------------------+
; Parameter Settings for User Entity Instance: seg7:digit2 ;
+----------------+-------+---------------------------------+
; Parameter Name ; Value ; Type                            ;
+----------------+-------+---------------------------------+
; num            ; 0000  ; Unsigned Binary                 ;
; i              ; 0001  ; Unsigned Binary                 ;
; H              ; 0010  ; Unsigned Binary                 ;
; o              ; 0011  ; Unsigned Binary                 ;
; L              ; 0100  ; Unsigned Binary                 ;
; s              ; 0101  ; Unsigned Binary                 ;
; e              ; 0110  ; Unsigned Binary                 ;
; Y              ; 0111  ; Unsigned Binary                 ;
; A              ; 1000  ; Unsigned Binary                 ;
; P              ; 1001  ; Unsigned Binary                 ;
+----------------+-------+---------------------------------+
Note: In order to hide this table in the UI and the text report file, please set the "Show Parameter Settings in Synthesis Report" option in "Analysis and Synthesis Settings -> More Settings" to "Off".


+----------------------------------------------------------+
; Parameter Settings for User Entity Instance: seg7:digit3 ;
+----------------+-------+---------------------------------+
; Parameter Name ; Value ; Type                            ;
+----------------+-------+---------------------------------+
; num            ; 0000  ; Unsigned Binary                 ;
; i              ; 0001  ; Unsigned Binary                 ;
; H              ; 0010  ; Unsigned Binary                 ;
; o              ; 0011  ; Unsigned Binary                 ;
; L              ; 0100  ; Unsigned Binary                 ;
; s              ; 0101  ; Unsigned Binary                 ;
; e              ; 0110  ; Unsigned Binary                 ;
; Y              ; 0111  ; Unsigned Binary                 ;
; A              ; 1000  ; Unsigned Binary                 ;
; P              ; 1001  ; Unsigned Binary                 ;
+----------------+-------+---------------------------------+
Note: In order to hide this table in the UI and the text report file, please set the "Show Parameter Settings in Synthesis Report" option in "Analysis and Synthesis Settings -> More Settings" to "Off".


+----------------------------------------------------------+
; Parameter Settings for User Entity Instance: seg7:digit4 ;
+----------------+-------+---------------------------------+
; Parameter Name ; Value ; Type                            ;
+----------------+-------+---------------------------------+
; num            ; 0000  ; Unsigned Binary                 ;
; i              ; 0001  ; Unsigned Binary                 ;
; H              ; 0010  ; Unsigned Binary                 ;
; o              ; 0011  ; Unsigned Binary                 ;
; L              ; 0100  ; Unsigned Binary                 ;
; s              ; 0101  ; Unsigned Binary                 ;
; e              ; 0110  ; Unsigned Binary                 ;
; Y              ; 0111  ; Unsigned Binary                 ;
; A              ; 1000  ; Unsigned Binary                 ;
; P              ; 1001  ; Unsigned Binary                 ;
+----------------+-------+---------------------------------+
Note: In order to hide this table in the UI and the text report file, please set the "Show Parameter Settings in Synthesis Report" option in "Analysis and Synthesis Settings -> More Settings" to "Off".


+-------------------------------+
; Elapsed Time Per Partition    ;
+----------------+--------------+
; Partition Name ; Elapsed Time ;
+----------------+--------------+
; Top            ; 00:00:00     ;
+----------------+--------------+


+-------------------------------+
; Analysis & Synthesis Messages ;
+-------------------------------+
Info: *******************************************************************
Info: Running Quartus II 64-Bit Analysis & Synthesis
    Info: Version 13.0.1 Build 232 06/12/2013 Service Pack 1 SJ Web Edition
    Info: Processing started: Wed Dec 03 18:39:42 2014
Info: Command: quartus_map --read_settings_files=on --write_settings_files=off GuessGame -c GuessGame
Warning (20028): Parallel compilation is not licensed and has been disabled
Info (12021): Found 4 design units, including 4 entities, in source file guessgame.v
    Info (12023): Found entity 1: GuessGame
    Info (12023): Found entity 2: BCDcount
    Info (12023): Found entity 3: seg7
    Info (12023): Found entity 4: guessSet
Info (12127): Elaborating entity "GuessGame" for the top level hierarchy
Warning (10230): Verilog HDL assignment warning at GuessGame.v(183): truncated value with size 32 to match size of target (4)
Info (12128): Elaborating entity "BCDcount" for hierarchy "BCDcount:random"
Warning (10230): Verilog HDL assignment warning at GuessGame.v(258): truncated value with size 32 to match size of target (4)
Warning (10230): Verilog HDL assignment warning at GuessGame.v(261): truncated value with size 32 to match size of target (4)
Warning (10230): Verilog HDL assignment warning at GuessGame.v(264): truncated value with size 32 to match size of target (4)
Info (12128): Elaborating entity "guessSet" for hierarchy "guessSet:guess1"
Warning (10230): Verilog HDL assignment warning at GuessGame.v(323): truncated value with size 32 to match size of target (4)
Info (12128): Elaborating entity "seg7" for hierarchy "seg7:digit1"
Info (13000): Registers with preset signals will power-up high
Info (13003): DEV_CLRn pin will set, and not reset, register with preset signal due to NOT Gate Push-Back
Info (286030): Timing-Driven Synthesis is running
Info (17049): 4 registers lost all their fanouts during netlist optimizations.
Info (144001): Generated suppressed messages file C:/altera/13.0sp1/ModuleFourProject/output_files/GuessGame.map.smsg
Info (16010): Generating hard_block partition "hard_block:auto_generated_inst"
    Info (16011): Adding 0 node(s), including 0 DDIO, 0 PLL, 0 transceiver and 0 LCELL
Info (21057): Implemented 224 device resources after synthesis - the final resource count might be different
    Info (21058): Implemented 4 input pins
    Info (21059): Implemented 28 output pins
    Info (21061): Implemented 192 logic cells
Info: Quartus II 64-Bit Analysis & Synthesis was successful. 0 errors, 6 warnings
    Info: Peak virtual memory: 447 megabytes
    Info: Processing ended: Wed Dec 03 18:39:43 2014
    Info: Elapsed time: 00:00:01
    Info: Total CPU time (on all processors): 00:00:02


+------------------------------------------+
; Analysis & Synthesis Suppressed Messages ;
+------------------------------------------+
The suppressed messages can be found in C:/altera/13.0sp1/ModuleFourProject/output_files/GuessGame.map.smsg.


